<?xml version="1.0" encoding="UTF-8"?>
<!-- Generated by org.testng.reporters.JUnitReportReporter -->
<testsuite skipped="0" hostname="Sagar" name="com.qa.act.tests.HomePageTest" tests="2" failures="0" timestamp="2020-09-01T12:33:14 IST" time="98.415" errors="0">
  <testcase name="SettingsTest" time="63.558" classname="com.qa.act.tests.HomePageTest"/>
  <system-out/>
  <testcase name="clickNewUserLinkTest" time="34.857" classname="com.qa.act.tests.HomePageTest"/>
  <system-out/>
</testsuite> <!-- com.qa.act.tests.HomePageTest -->
