<?xml version="1.0" encoding="UTF-8"?>
<!-- Generated by org.testng.reporters.JUnitReportReporter -->
<testsuite skipped="0" hostname="Sagar" name="com.qa.act.tests.TimeTrackTest" tests="1" failures="0" timestamp="2020-09-01T15:26:53 IST" time="45.795" errors="0">
  <testcase name="validateTimeTrackTest" time="45.795" classname="com.qa.act.tests.TimeTrackTest"/>
  <system-out/>
</testsuite> <!-- com.qa.act.tests.TimeTrackTest -->
