<?xml version="1.0" encoding="UTF-8"?>
<!-- Generated by org.testng.reporters.JUnitReportReporter -->
<testsuite skipped="0" hostname="Sagar" name="com.qa.act.tests.LoginPageTest" tests="2" failures="0" timestamp="2020-09-01T12:33:14 IST" time="43.520" errors="0">
  <testcase name="screenShotTest" time="21.422" classname="com.qa.act.tests.LoginPageTest"/>
  <system-out/>
  <testcase name="validateLoginTest" time="22.098" classname="com.qa.act.tests.LoginPageTest"/>
  <system-out/>
</testsuite> <!-- com.qa.act.tests.LoginPageTest -->
