<?xml version="1.0" encoding="UTF-8"?>
<!-- Generated by org.testng.reporters.JUnitReportReporter -->
<testsuite skipped="0" hostname="Sagar" name="com.qa.act.tests.AddNewUserTest" tests="1" failures="0" timestamp="2020-09-01T11:21:16 IST" time="85.789" errors="0">
  <testcase name="validateNewUserTest" time="85.789" classname="com.qa.act.tests.AddNewUserTest"/>
  <system-out/>
</testsuite> <!-- com.qa.act.tests.AddNewUserTest -->
